app/build/intermediates/manifest_merge_blame_file/debug/manifest-merger-blame-debug-report.txt
1<?xml version="1.0" encoding="utf-8"?>
2<manifest xmlns:android="http://schemas.android.com/apk/res/android"
3    package="com.blink.academy.protake"
4    platformBuildVersionCode="34"
5    platformBuildVersionName="14"
6    android:compileSdkVersion="34"
7    android:compileSdkVersionCodename="14"
8    android:versionCode="130"
9    android:versionName="3.0.17" >
10
11    <uses-sdk
11-->src/main/AndroidManifest.xml:10:5-12:40
12        android:minSdkVersion="23"
12-->src/main/AndroidManifest.xml:11:9-35
13        android:targetSdkVersion="28" />
13-->src/main/AndroidManifest.xml:12:9-38
14
15    <queries>
15-->src/main/AndroidManifest.xml:13:5-25:15
16        <package android:name="com.tencent.mm" />
16-->src/main/AndroidManifest.xml:14:9-49
16-->src/main/AndroidManifest.xml:14:18-47
17
18        <intent>
18-->src/main/AndroidManifest.xml:15:9-18:18
19            <action android:name="*" />
19-->src/main/AndroidManifest.xml:16:13-39
19-->src/main/AndroidManifest.xml:16:21-37
20
21            <data android:scheme="tbopen" />
21-->src/main/AndroidManifest.xml:17:13-44
21-->src/main/AndroidManifest.xml:17:19-42
22        </intent>
23
24        <package android:name="com.eg.android.AlipayGphone" />
24-->src/main/AndroidManifest.xml:19:9-62
24-->src/main/AndroidManifest.xml:19:18-60
25        <package android:name="com.eg.android.AlipayGphoneRC" />
25-->src/main/AndroidManifest.xml:20:9-64
25-->src/main/AndroidManifest.xml:20:18-62
26        <package android:name="hk.alipay.wallet" />
26-->src/main/AndroidManifest.xml:21:9-51
26-->src/main/AndroidManifest.xml:21:18-49
27
28        <intent>
28-->src/main/AndroidManifest.xml:22:9-24:18
29            <action android:name="com.android.vending.billing.InAppBillingService.BIND" />
29-->src/main/AndroidManifest.xml:23:13-90
29-->src/main/AndroidManifest.xml:23:21-88
30        </intent>
31    </queries>
32    <queries>
32-->src/main/AndroidManifest.xml:13:5-25:15
33        <package android:name="com.eg.android.AlipayGphone" />
33-->src/main/AndroidManifest.xml:19:9-62
33-->src/main/AndroidManifest.xml:19:18-60
34        <package android:name="hk.alipay.wallet" />
34-->src/main/AndroidManifest.xml:21:9-51
34-->src/main/AndroidManifest.xml:21:18-49
35    </queries>
36
37    <uses-permission android:name="android.permission.INTERNET" />
37-->src/main/AndroidManifest.xml:30:5-66
37-->src/main/AndroidManifest.xml:30:22-64
38    <uses-permission android:name="android.permission.CAMERA" />
38-->src/main/AndroidManifest.xml:31:5-64
38-->src/main/AndroidManifest.xml:31:22-62
39    <uses-permission
39-->src/main/AndroidManifest.xml:32:5-34:37
40        android:name="android.permission.READ_EXTERNAL_STORAGE"
40-->src/main/AndroidManifest.xml:33:9-64
41        android:maxSdkVersion="32" />
41-->src/main/AndroidManifest.xml:34:9-35
42    <uses-permission
42-->src/main/AndroidManifest.xml:35:5-37:37
43        android:name="android.permission.WRITE_EXTERNAL_STORAGE"
43-->src/main/AndroidManifest.xml:36:9-65
44        android:maxSdkVersion="32" />
44-->src/main/AndroidManifest.xml:37:9-35
45    <uses-permission android:name="android.permission.READ_MEDIA_IMAGES" />
45-->src/main/AndroidManifest.xml:38:5-75
45-->src/main/AndroidManifest.xml:38:22-73
46    <uses-permission android:name="android.permission.READ_MEDIA_VIDEO" />
46-->src/main/AndroidManifest.xml:39:5-74
46-->src/main/AndroidManifest.xml:39:22-72
47    <uses-permission android:name="android.permission.READ_MEDIA_VISUAL_USER_SELECTED" />
47-->src/main/AndroidManifest.xml:40:5-89
47-->src/main/AndroidManifest.xml:40:22-87
48    <uses-permission android:name="android.permission.RECORD_AUDIO" />
48-->src/main/AndroidManifest.xml:41:5-70
48-->src/main/AndroidManifest.xml:41:22-68
49    <uses-permission android:name="android.permission.MODIFY_AUDIO_SETTINGS" />
49-->src/main/AndroidManifest.xml:42:5-79
49-->src/main/AndroidManifest.xml:42:22-77
50    <uses-permission android:name="android.permission.FOREGROUND_SERVICE" />
50-->src/main/AndroidManifest.xml:43:5-76
50-->src/main/AndroidManifest.xml:43:22-74
51    <uses-permission
51-->src/main/AndroidManifest.xml:44:5-46:37
52        android:name="android.permission.BLUETOOTH"
52-->src/main/AndroidManifest.xml:45:9-52
53        android:maxSdkVersion="30" />
53-->src/main/AndroidManifest.xml:46:9-35
54    <uses-permission
54-->src/main/AndroidManifest.xml:47:5-49:37
55        android:name="android.permission.BLUETOOTH_ADMIN"
55-->src/main/AndroidManifest.xml:48:9-58
56        android:maxSdkVersion="30" />
56-->src/main/AndroidManifest.xml:49:9-35
57    <uses-permission android:name="android.permission.ACCESS_FINE_LOCATION" />
57-->src/main/AndroidManifest.xml:50:5-78
57-->src/main/AndroidManifest.xml:50:22-76
58    <uses-permission android:name="android.permission.ACCESS_COARSE_LOCATION" />
58-->src/main/AndroidManifest.xml:51:5-80
58-->src/main/AndroidManifest.xml:51:22-78
59    <uses-permission android:name="android.permission.VIBRATE" />
59-->src/main/AndroidManifest.xml:52:5-65
59-->src/main/AndroidManifest.xml:52:22-63
60    <uses-permission android:name="android.permission.ACCESS_WIFI_STATE" />
60-->src/main/AndroidManifest.xml:53:5-75
60-->src/main/AndroidManifest.xml:53:22-73
61    <uses-permission android:name="android.permission.WAKE_LOCK" />
61-->src/main/AndroidManifest.xml:54:5-67
61-->src/main/AndroidManifest.xml:54:22-65
62    <uses-permission android:name="android.permission.ACCESS_NETWORK_STATE" />
62-->src/main/AndroidManifest.xml:55:5-78
62-->src/main/AndroidManifest.xml:55:22-76
63    <uses-permission android:name="android.permission.CHANGE_WIFI_STATE" />
63-->src/main/AndroidManifest.xml:56:5-75
63-->src/main/AndroidManifest.xml:56:22-73
64    <uses-permission android:name="com.android.vending.BILLING" />
64-->src/main/AndroidManifest.xml:57:5-66
64-->src/main/AndroidManifest.xml:57:22-64
65    <uses-permission android:name="android.permission.BLUETOOTH_SCAN" />
65-->src/main/AndroidManifest.xml:58:5-72
65-->src/main/AndroidManifest.xml:58:22-70
66    <uses-permission android:name="android.permission.BLUETOOTH_ADVERTISE" />
66-->src/main/AndroidManifest.xml:59:5-77
66-->src/main/AndroidManifest.xml:59:22-75
67    <uses-permission android:name="android.permission.BLUETOOTH_CONNECT" />
67-->src/main/AndroidManifest.xml:60:5-75
67-->src/main/AndroidManifest.xml:60:22-73
68
69    <uses-feature android:name="android.hardware.camera" />
69-->src/main/AndroidManifest.xml:61:5-59
69-->src/main/AndroidManifest.xml:61:19-57
70    <uses-feature android:name="android.hardware.camera.autofocus" />
70-->src/main/AndroidManifest.xml:62:5-69
70-->src/main/AndroidManifest.xml:62:19-67
71    <uses-feature android:name="android.hardware.camera.front" />
71-->src/main/AndroidManifest.xml:63:5-65
71-->src/main/AndroidManifest.xml:63:19-63
72    <uses-feature
72-->src/main/AndroidManifest.xml:64:5-66:35
73        android:name="android.hardware.microphone"
73-->src/main/AndroidManifest.xml:65:9-51
74        android:required="false" />
74-->src/main/AndroidManifest.xml:66:9-33
75    <uses-feature
75-->src/main/AndroidManifest.xml:67:5-69:35
76        android:name="android.hardware.usb.host"
76-->src/main/AndroidManifest.xml:68:9-49
77        android:required="false" />
77-->src/main/AndroidManifest.xml:69:9-33
78    <uses-feature
78-->src/main/AndroidManifest.xml:70:5-72:34
79        android:name="android.hardware.usb.accessory"
79-->src/main/AndroidManifest.xml:71:9-54
80        android:required="true" />
80-->src/main/AndroidManifest.xml:72:9-32
81
82    <meta-data
82-->src/main/AndroidManifest.xml:73:5-75:31
83        android:name="android.notch_support"
83-->src/main/AndroidManifest.xml:74:9-45
84        android:value="true" />
84-->src/main/AndroidManifest.xml:75:9-29
85
86    <uses-feature android:glEsVersion="0x30000" />
86-->src/main/AndroidManifest.xml:76:5-50
86-->src/main/AndroidManifest.xml:76:19-48
87
88    <uses-permission-sdk-23 android:name="android.permission.ACCESS_COARSE_LOCATION" />
88-->src/main/AndroidManifest.xml:77:5-87
88-->src/main/AndroidManifest.xml:77:29-85
89    <uses-permission-sdk-23 android:name="android.permission.ACCESS_FINE_LOCATION" />
89-->src/main/AndroidManifest.xml:78:5-85
89-->src/main/AndroidManifest.xml:78:29-83
90
91    <supports-screens
91-->src/main/AndroidManifest.xml:79:5-84:36
92        android:anyDensity="true"
92-->src/main/AndroidManifest.xml:80:9-34
93        android:largeScreens="true"
93-->src/main/AndroidManifest.xml:83:9-36
94        android:normalScreens="true"
94-->src/main/AndroidManifest.xml:82:9-37
95        android:resizeable="true"
95-->src/main/AndroidManifest.xml:84:9-34
96        android:smallScreens="true" />
96-->src/main/AndroidManifest.xml:81:9-36
97
98    <uses-permission android:name="android.permission.POST_NOTIFICATIONS" />
98-->src/main/AndroidManifest.xml:85:5-76
98-->src/main/AndroidManifest.xml:85:22-74
99
100    <permission
100-->src/main/AndroidManifest.xml:86:5-88:46
101        android:name="com.blink.academy.protake.permission.MIPUSH_RECEIVE"
101-->src/main/AndroidManifest.xml:87:9-75
102        android:protectionLevel="signature" />
102-->src/main/AndroidManifest.xml:88:9-44
103
104    <uses-permission android:name="com.blink.academy.protake.permission.MIPUSH_RECEIVE" />
104-->src/main/AndroidManifest.xml:89:5-90
104-->src/main/AndroidManifest.xml:89:22-88
105    <uses-permission android:name="com.coloros.mcs.permission.RECIEVE_MCS_MESSAGE" />
105-->src/main/AndroidManifest.xml:90:5-85
105-->src/main/AndroidManifest.xml:90:22-83
106    <uses-permission android:name="com.huawei.android.launcher.permission.CHANGE_BADGE" />
106-->src/main/AndroidManifest.xml:455:5-90
106-->src/main/AndroidManifest.xml:455:22-88
107    <uses-permission android:name="android.permission.READ_APP_BADGE" />
107-->src/main/AndroidManifest.xml:456:5-72
107-->src/main/AndroidManifest.xml:456:22-70
108    <uses-permission android:name="com.sonymobile.home.permission.PROVIDER_INSERT_BADGE" />
108-->src/main/AndroidManifest.xml:457:5-91
108-->src/main/AndroidManifest.xml:457:22-89
109    <uses-permission android:name="com.sonyericsson.home.permission.BROADCAST_BADGE" />
109-->src/main/AndroidManifest.xml:458:5-87
109-->src/main/AndroidManifest.xml:458:22-85
110    <uses-permission android:name="com.sonyericsson.home.action.UPDATE_BADGE" />
110-->src/main/AndroidManifest.xml:459:5-80
110-->src/main/AndroidManifest.xml:459:22-78
111    <uses-permission android:name="com.sec.android.provider.badge.permission.READ" />
111-->src/main/AndroidManifest.xml:460:5-85
111-->src/main/AndroidManifest.xml:460:22-83
112    <uses-permission android:name="com.sec.android.provider.badge.permission.WRITE" />
112-->src/main/AndroidManifest.xml:461:5-86
112-->src/main/AndroidManifest.xml:461:22-84
113    <uses-permission android:name="com.htc.launcher.permission.READ_SETTINGS" />
113-->src/main/AndroidManifest.xml:462:5-80
113-->src/main/AndroidManifest.xml:462:22-78
114    <uses-permission android:name="com.htc.launcher.permission.UPDATE_SHORTCUT" />
114-->src/main/AndroidManifest.xml:463:5-82
114-->src/main/AndroidManifest.xml:463:22-80
115    <uses-permission android:name="com.blink.academy.protake.permission.MIPUSH_RECEIVE" />
115-->src/main/AndroidManifest.xml:89:5-90
115-->src/main/AndroidManifest.xml:89:22-88
116
117    <permission
117-->src/main/AndroidManifest.xml:86:5-88:46
118        android:name="com.blink.academy.protake.permission.MIPUSH_RECEIVE"
118-->src/main/AndroidManifest.xml:87:9-75
119        android:protectionLevel="signature" />
119-->src/main/AndroidManifest.xml:88:9-44
120
121    <application
121-->src/main/AndroidManifest.xml:91:5-454:19
122        android:name="com.blink.academy.film.FilmApp"
122-->src/main/AndroidManifest.xml:95:9-54
123        android:allowBackup="false"
123-->src/main/AndroidManifest.xml:96:9-36
124        android:debuggable="true"
125        android:extractNativeLibs="false"
126        android:icon="@mipmap/ic_launcher"
126-->src/main/AndroidManifest.xml:94:9-43
127        android:label="@string/GLOBAL_APP_NAME"
127-->src/main/AndroidManifest.xml:93:9-48
128        android:largeHeap="true"
128-->src/main/AndroidManifest.xml:97:9-33
129        android:maxAspectRatio="2.4"
129-->src/main/AndroidManifest.xml:101:9-37
130        android:resizeableActivity="true"
130-->src/main/AndroidManifest.xml:99:9-42
131        android:roundIcon="@mipmap/ic_launcher_round"
131-->src/main/AndroidManifest.xml:100:9-54
132        android:supportsRtl="true"
132-->src/main/AndroidManifest.xml:98:9-35
133        android:theme="@style/AppTheme" >
133-->src/main/AndroidManifest.xml:92:9-40
134        <meta-data
134-->src/main/AndroidManifest.xml:102:9-104:55
135            android:name="UMENG_APPKEY"
135-->src/main/AndroidManifest.xml:103:13-40
136            android:value="5e4102ca19ce475332c98817" />
136-->src/main/AndroidManifest.xml:104:13-53
137        <meta-data
137-->src/main/AndroidManifest.xml:105:9-107:34
138            android:name="android.max_aspect"
138-->src/main/AndroidManifest.xml:106:13-46
139            android:value="2.4" />
139-->src/main/AndroidManifest.xml:107:13-32
140        <meta-data
140-->src/main/AndroidManifest.xml:108:9-110:32
141            android:name="android.min_aspect"
141-->src/main/AndroidManifest.xml:109:13-46
142            android:value="1" />
142-->src/main/AndroidManifest.xml:110:13-30
143        <meta-data
143-->src/main/AndroidManifest.xml:102:9-104:55
144            android:name="UMENG_APPKEY"
144-->src/main/AndroidManifest.xml:103:13-40
145            android:value="5e4102ca19ce475332c98817" />
145-->src/main/AndroidManifest.xml:104:13-53
146
147        <activity
147-->src/main/AndroidManifest.xml:114:9-121:66
148            android:name="com.blink.academy.film.player.PlayerActivity"
148-->src/main/AndroidManifest.xml:116:13-72
149            android:configChanges="screenSize|orientation|keyboardHidden"
149-->src/main/AndroidManifest.xml:120:13-74
150            android:exported="false"
150-->src/main/AndroidManifest.xml:117:13-37
151            android:launchMode="singleTask"
151-->src/main/AndroidManifest.xml:118:13-44
152            android:screenOrientation="landscape"
152-->src/main/AndroidManifest.xml:119:13-50
153            android:theme="@style/Film.FullscreenAppCompatTheme"
153-->src/main/AndroidManifest.xml:115:13-65
154            android:windowSoftInputMode="adjustPan|stateHidden" />
154-->src/main/AndroidManifest.xml:121:13-64
155
156        <uses-library
156-->src/main/AndroidManifest.xml:122:9-124:39
157            android:name="org.apache.http.legacy"
157-->src/main/AndroidManifest.xml:123:13-50
158            android:required="false" />
158-->src/main/AndroidManifest.xml:124:13-37
159
160        <activity
160-->src/main/AndroidManifest.xml:125:9-137:20
161            android:name="com.blink.academy.film.home.HomeActivity"
161-->src/main/AndroidManifest.xml:127:13-68
162            android:configChanges="screenSize|screenLayout|keyboardHidden|keyboard"
162-->src/main/AndroidManifest.xml:131:13-84
163            android:exported="false"
163-->src/main/AndroidManifest.xml:128:13-37
164            android:launchMode="singleTask"
164-->src/main/AndroidManifest.xml:129:13-44
165            android:screenOrientation="landscape"
165-->src/main/AndroidManifest.xml:130:13-50
166            android:theme="@style/Film.FullscreenAppCompatTheme"
166-->src/main/AndroidManifest.xml:126:13-65
167            android:windowSoftInputMode="adjustPan|stateHidden" >
167-->src/main/AndroidManifest.xml:132:13-64
168            <intent-filter>
168-->src/main/AndroidManifest.xml:133:13-136:29
169                <action android:name="com.blink.academy.protake.default.MAIN" />
169-->src/main/AndroidManifest.xml:134:17-80
169-->src/main/AndroidManifest.xml:134:25-78
170
171                <category android:name="android.intent.category.DEFAULT" />
171-->src/main/AndroidManifest.xml:135:17-75
171-->src/main/AndroidManifest.xml:135:27-73
172            </intent-filter>
173        </activity>
174        <activity
174-->src/main/AndroidManifest.xml:138:9-145:66
175            android:name="com.blink.academy.film.setting.SettingActivity"
175-->src/main/AndroidManifest.xml:140:13-74
176            android:configChanges="screenSize|orientation|keyboardHidden"
176-->src/main/AndroidManifest.xml:144:13-74
177            android:exported="false"
177-->src/main/AndroidManifest.xml:141:13-37
178            android:launchMode="singleTask"
178-->src/main/AndroidManifest.xml:142:13-44
179            android:screenOrientation="landscape"
179-->src/main/AndroidManifest.xml:143:13-50
180            android:theme="@style/Film.FullscreenAppCompatTheme"
180-->src/main/AndroidManifest.xml:139:13-65
181            android:windowSoftInputMode="adjustPan|stateHidden" />
181-->src/main/AndroidManifest.xml:145:13-64
182        <activity
182-->src/main/AndroidManifest.xml:146:9-153:66
183            android:name="com.blink.academy.film.setting.PortraitSettingActivity"
183-->src/main/AndroidManifest.xml:148:13-82
184            android:configChanges="screenSize|orientation|keyboardHidden"
184-->src/main/AndroidManifest.xml:152:13-74
185            android:exported="false"
185-->src/main/AndroidManifest.xml:149:13-37
186            android:launchMode="singleTask"
186-->src/main/AndroidManifest.xml:150:13-44
187            android:screenOrientation="portrait"
187-->src/main/AndroidManifest.xml:151:13-49
188            android:theme="@style/Film.FullscreenAppCompatTheme"
188-->src/main/AndroidManifest.xml:147:13-65
189            android:windowSoftInputMode="adjustPan|stateHidden" />
189-->src/main/AndroidManifest.xml:153:13-64
190        <activity
190-->src/main/AndroidManifest.xml:154:9-163:20
191            android:name="com.blink.academy.film.Splash2Activity"
191-->src/main/AndroidManifest.xml:156:13-66
192            android:exported="true"
192-->src/main/AndroidManifest.xml:157:13-36
193            android:screenOrientation="landscape"
193-->src/main/AndroidManifest.xml:158:13-50
194            android:theme="@style/Theme.App.Starting" >
194-->src/main/AndroidManifest.xml:155:13-54
195            <intent-filter>
195-->src/main/AndroidManifest.xml:159:13-162:29
196                <action android:name="android.intent.action.MAIN" />
196-->src/main/AndroidManifest.xml:160:17-68
196-->src/main/AndroidManifest.xml:160:25-66
197
198                <category android:name="android.intent.category.LAUNCHER" />
198-->src/main/AndroidManifest.xml:161:17-76
198-->src/main/AndroidManifest.xml:161:27-74
199            </intent-filter>
200        </activity>
201        <activity
201-->src/main/AndroidManifest.xml:164:9-170:64
202            android:name="com.blink.academy.film.zxing.CaptureActivity"
202-->src/main/AndroidManifest.xml:166:13-72
203            android:configChanges="screenSize|keyboardHidden"
203-->src/main/AndroidManifest.xml:170:13-62
204            android:exported="false"
204-->src/main/AndroidManifest.xml:167:13-37
205            android:launchMode="singleTask"
205-->src/main/AndroidManifest.xml:168:13-44
206            android:screenOrientation="landscape"
206-->src/main/AndroidManifest.xml:169:13-50
207            android:theme="@style/Film.FullscreenAppCompatTheme" />
207-->src/main/AndroidManifest.xml:165:13-65
208        <activity
208-->src/main/AndroidManifest.xml:171:9-177:87
209            android:name="com.blink.academy.film.support.pay.wechat.WXPayCallbackActivity"
209-->src/main/AndroidManifest.xml:173:13-91
210            android:configChanges="screenSize|orientation|navigation|keyboardHidden"
210-->src/main/AndroidManifest.xml:177:13-85
211            android:exported="false"
211-->src/main/AndroidManifest.xml:174:13-37
212            android:launchMode="singleTop"
212-->src/main/AndroidManifest.xml:175:13-43
213            android:screenOrientation="portrait"
213-->src/main/AndroidManifest.xml:176:13-49
214            android:theme="@style/Film.FullscreenAppCompatTheme" />
214-->src/main/AndroidManifest.xml:172:13-65
215
216        <activity-alias
216-->src/main/AndroidManifest.xml:178:9-181:103
217            android:name="com.blink.academy.protake.wxapi.WXPayEntryActivity"
217-->src/main/AndroidManifest.xml:179:13-78
218            android:exported="true"
218-->src/main/AndroidManifest.xml:180:13-36
219            android:targetActivity="com.blink.academy.film.support.pay.wechat.WXPayCallbackActivity" />
219-->src/main/AndroidManifest.xml:181:13-101
220
221        <activity
221-->src/main/AndroidManifest.xml:182:9-189:66
222            android:name="com.blink.academy.film.PayAdapterActivity"
222-->src/main/AndroidManifest.xml:184:13-69
223            android:configChanges="screenSize|orientation|keyboardHidden"
223-->src/main/AndroidManifest.xml:188:13-74
224            android:exported="false"
224-->src/main/AndroidManifest.xml:185:13-37
225            android:launchMode="singleTop"
225-->src/main/AndroidManifest.xml:186:13-43
226            android:screenOrientation="portrait"
226-->src/main/AndroidManifest.xml:187:13-49
227            android:theme="@style/Film.FullscreenAppCompatTheme"
227-->src/main/AndroidManifest.xml:183:13-65
228            android:windowSoftInputMode="adjustPan|stateHidden" />
228-->src/main/AndroidManifest.xml:189:13-64
229        <activity
229-->src/main/AndroidManifest.xml:190:9-194:169
230            android:name="com.alipay.sdk.app.H5PayActivity"
230-->src/main/AndroidManifest.xml:192:13-60
231            android:configChanges="fontScale|layoutDirection|density|smallestScreenSize|screenSize|screenLayout|orientation|navigation|keyboardHidden|keyboard|locale"
231-->src/main/AndroidManifest.xml:194:13-167
232            android:exported="false"
232-->src/main/AndroidManifest.xml:193:13-37
233            android:theme="@android:style/Theme.NoTitleBar" />
233-->src/main/AndroidManifest.xml:191:13-60
234        <activity
234-->src/main/AndroidManifest.xml:195:9-199:169
235            android:name="com.alipay.sdk.app.H5AuthActivity"
235-->src/main/AndroidManifest.xml:197:13-61
236            android:configChanges="fontScale|layoutDirection|density|smallestScreenSize|screenSize|screenLayout|orientation|navigation|keyboardHidden|keyboard|locale"
236-->src/main/AndroidManifest.xml:199:13-167
237            android:exported="false"
237-->src/main/AndroidManifest.xml:198:13-37
238            android:theme="@android:style/Theme.NoTitleBar" />
238-->src/main/AndroidManifest.xml:196:13-60
239        <activity
239-->src/main/AndroidManifest.xml:200:9-205:169
240            android:name="com.alipay.sdk.app.PayResultActivity"
240-->src/main/AndroidManifest.xml:202:13-64
241            android:configChanges="fontScale|layoutDirection|density|smallestScreenSize|screenSize|screenLayout|orientation|navigation|keyboardHidden|keyboard|locale"
241-->src/main/AndroidManifest.xml:205:13-167
242            android:exported="true"
242-->src/main/AndroidManifest.xml:203:13-36
243            android:launchMode="singleInstance"
243-->src/main/AndroidManifest.xml:204:13-48
244            android:theme="@android:style/Theme.Translucent.NoTitleBar" />
244-->src/main/AndroidManifest.xml:201:13-72
245        <activity
245-->src/main/AndroidManifest.xml:206:9-211:169
246            android:name="com.alipay.sdk.app.AlipayResultActivity"
246-->src/main/AndroidManifest.xml:208:13-67
247            android:configChanges="fontScale|layoutDirection|density|smallestScreenSize|screenSize|screenLayout|orientation|navigation|keyboardHidden|keyboard|locale"
247-->src/main/AndroidManifest.xml:211:13-167
248            android:exported="true"
248-->src/main/AndroidManifest.xml:209:13-36
249            android:launchMode="singleTask"
249-->src/main/AndroidManifest.xml:210:13-44
250            android:theme="@android:style/Theme.Translucent.NoTitleBar" />
250-->src/main/AndroidManifest.xml:207:13-72
251        <activity
251-->src/main/AndroidManifest.xml:212:9-217:69
252            android:name="com.alipay.sdk.app.H5OpenAuthActivity"
252-->src/main/AndroidManifest.xml:213:13-65
253            android:configChanges="fontScale|layoutDirection|density|smallestScreenSize|screenSize|screenLayout|orientation|navigation|keyboardHidden|keyboard|locale"
253-->src/main/AndroidManifest.xml:216:13-167
254            android:exported="false"
254-->src/main/AndroidManifest.xml:214:13-37
255            android:screenOrientation="behind"
255-->src/main/AndroidManifest.xml:215:13-47
256            android:windowSoftInputMode="adjustResize|stateHidden" />
256-->src/main/AndroidManifest.xml:217:13-67
257        <activity
257-->src/main/AndroidManifest.xml:218:9-222:169
258            android:name="com.alipay.sdk.app.APayEntranceActivity"
258-->src/main/AndroidManifest.xml:220:13-67
259            android:configChanges="fontScale|layoutDirection|density|smallestScreenSize|screenSize|screenLayout|orientation|navigation|keyboardHidden|keyboard|locale"
259-->src/main/AndroidManifest.xml:222:13-167
260            android:exported="false"
260-->src/main/AndroidManifest.xml:221:13-37
261            android:theme="@android:style/Theme.Translucent.NoTitleBar" />
261-->src/main/AndroidManifest.xml:219:13-72
262
263        <meta-data
263-->src/main/AndroidManifest.xml:223:9-225:36
264            android:name="com.google.android.play.billingclient.version"
264-->src/main/AndroidManifest.xml:224:13-73
265            android:value="7.0.0" />
265-->src/main/AndroidManifest.xml:225:13-34
266
267        <activity
267-->src/main/AndroidManifest.xml:226:9-230:98
268            android:name="com.android.billingclient.api.ProxyBillingActivity"
268-->src/main/AndroidManifest.xml:228:13-78
269            android:configChanges="screenSize|screenLayout|orientation|keyboardHidden|keyboard"
269-->src/main/AndroidManifest.xml:230:13-96
270            android:exported="false"
270-->src/main/AndroidManifest.xml:229:13-37
271            android:theme="@android:style/Theme.Translucent.NoTitleBar" />
271-->src/main/AndroidManifest.xml:227:13-72
272        <activity
272-->src/main/AndroidManifest.xml:231:9-235:98
273            android:name="com.android.billingclient.api.ProxyBillingActivityV2"
273-->src/main/AndroidManifest.xml:233:13-80
274            android:configChanges="screenSize|screenLayout|orientation|keyboardHidden|keyboard"
274-->src/main/AndroidManifest.xml:235:13-96
275            android:exported="false"
275-->src/main/AndroidManifest.xml:234:13-37
276            android:theme="@android:style/Theme.Translucent.NoTitleBar" />
276-->src/main/AndroidManifest.xml:232:13-72
277
278        <receiver
278-->src/main/AndroidManifest.xml:236:9-243:20
279            android:name="com.mob.pushsdk.plugins.fcm.FCMFireMessagingReceiver"
279-->src/main/AndroidManifest.xml:237:13-80
280            android:exported="true"
280-->src/main/AndroidManifest.xml:239:13-36
281            android:permission="com.google.android.c2dm.permission.SEND" >
281-->src/main/AndroidManifest.xml:238:13-73
282            <intent-filter>
282-->src/main/AndroidManifest.xml:240:13-242:29
283                <action android:name="com.google.android.c2dm.intent.RECEIVE" />
283-->src/main/AndroidManifest.xml:241:17-80
283-->src/main/AndroidManifest.xml:241:25-78
284            </intent-filter>
285        </receiver>
286
287        <activity
287-->src/main/AndroidManifest.xml:244:9-248:48
288            android:name="com.mob.pushsdk.impl.MobPushActivity"
288-->src/main/AndroidManifest.xml:246:13-64
289            android:excludeFromRecents="true"
289-->src/main/AndroidManifest.xml:248:13-46
290            android:exported="false"
290-->src/main/AndroidManifest.xml:247:13-37
291            android:theme="@android:style/Theme.Translucent.NoTitleBar" />
291-->src/main/AndroidManifest.xml:245:13-72
292
293        <receiver
293-->src/main/AndroidManifest.xml:249:9-256:20
294            android:name="com.mob.pushsdk.impl.NotifyActionReceiver"
294-->src/main/AndroidManifest.xml:250:13-69
295            android:exported="false" >
295-->src/main/AndroidManifest.xml:251:13-37
296            <intent-filter>
296-->src/main/AndroidManifest.xml:252:13-255:29
297                <action android:name="com.mob.push.intent.NOTIFICATION_OPENED" />
297-->src/main/AndroidManifest.xml:253:17-81
297-->src/main/AndroidManifest.xml:253:25-79
298                <action android:name="com.mob.push.intent.NOTIFICATION_DELETE" />
298-->src/main/AndroidManifest.xml:254:17-81
298-->src/main/AndroidManifest.xml:254:25-79
299            </intent-filter>
300        </receiver>
301
302        <service
302-->src/main/AndroidManifest.xml:257:9-264:19
303            android:name="com.mob.socketservice.MobService"
303-->src/main/AndroidManifest.xml:258:13-60
304            android:exported="true"
304-->src/main/AndroidManifest.xml:259:13-36
305            android:process=":mobservice" >
305-->src/main/AndroidManifest.xml:260:13-42
306            <intent-filter>
306-->src/main/AndroidManifest.xml:261:13-263:29
307                <action android:name="com.mob.intent.MOB_SERVICE" />
307-->src/main/AndroidManifest.xml:262:17-68
307-->src/main/AndroidManifest.xml:262:25-66
308            </intent-filter>
309        </service>
310
311        <meta-data
311-->src/main/AndroidManifest.xml:265:9-267:36
312            android:name="MIPUSH_SDK_VERSION_CODE"
312-->src/main/AndroidManifest.xml:266:13-51
313            android:value="60001" />
313-->src/main/AndroidManifest.xml:267:13-34
314        <meta-data
314-->src/main/AndroidManifest.xml:268:9-270:38
315            android:name="MIPUSH_SDK_VERSION_NAME"
315-->src/main/AndroidManifest.xml:269:13-51
316            android:value="6_0_1-C" />
316-->src/main/AndroidManifest.xml:270:13-36
317
318        <service
318-->src/main/AndroidManifest.xml:271:9-274:45
319            android:name="com.xiaomi.push.service.XMPushService"
319-->src/main/AndroidManifest.xml:272:13-65
320            android:enabled="true"
320-->src/main/AndroidManifest.xml:273:13-35
321            android:process=":pushservice" />